This file contains any messages produced by compilers while
running configure, to aid debugging if configure makes a mistake.

It was created by less configure 1, which was
generated by GNU Autoconf 2.69.  Invocation command line was

  $ configure --with-editor=vi

## --------- ##
## Platform. ##
## --------- ##

hostname = redmi14-leo
uname -m = x86_64
uname -r = 5.10.16.3-microsoft-standard-WSL2
uname -s = Linux
uname -v = #1 SMP Fri Apr 2 22:23:49 UTC 2021

/usr/bin/uname -p = x86_64
/bin/uname -X     = unknown

/bin/arch              = x86_64
/usr/bin/arch -k       = unknown
/usr/convex/getsysinfo = unknown
/usr/bin/hostinfo      = unknown
/bin/machine           = unknown
/usr/bin/oslevel       = unknown
/bin/universe          = unknown

PATH: /root/.zplug/repos/zplug/zplug/bin
PATH: /root/.zplug/bin
PATH: /root/.local/bin
PATH: /usr/local/cuda-10.2/bin
PATH: /usr/local/bin
PATH: /bin
PATH: /usr/bin
PATH: /test_wf_path_env___set_by_etc_zsh_zshenv
PATH: /home/wf/.fzf/bin


## ----------- ##
## Core tests. ##
## ----------- ##

configure:2218: checking for gcc
configure:2234: found /bin/gcc
configure:2245: result: gcc
configure:2474: checking for C compiler version
configure:2483: gcc --version >&5
gcc (Ubuntu 9.3.0-17ubuntu1~20.04) 9.3.0
Copyright (C) 2019 Free Software Foundation, Inc.
This is free software; see the source for copying conditions.  There is NO
warranty; not even for MERCHANTABILITY or FITNESS FOR A PARTICULAR PURPOSE.

configure:2494: $? = 0
configure:2483: gcc -v >&5
Using built-in specs.
COLLECT_GCC=gcc
COLLECT_LTO_WRAPPER=/usr/lib/gcc/x86_64-linux-gnu/9/lto-wrapper
OFFLOAD_TARGET_NAMES=nvptx-none:hsa
OFFLOAD_TARGET_DEFAULT=1
Target: x86_64-linux-gnu
Configured with: ../src/configure -v --with-pkgversion='Ubuntu 9.3.0-17ubuntu1~20.04' --with-bugurl=file:///usr/share/doc/gcc-9/README.Bugs --enable-languages=c,ada,c++,go,brig,d,fortran,objc,obj-c++,gm2 --prefix=/usr --with-gcc-major-version-only --program-suffix=-9 --program-prefix=x86_64-linux-gnu- --enable-shared --enable-linker-build-id --libexecdir=/usr/lib --without-included-gettext --enable-threads=posix --libdir=/usr/lib --enable-nls --enable-clocale=gnu --enable-libstdcxx-debug --enable-libstdcxx-time=yes --with-default-libstdcxx-abi=new --enable-gnu-unique-object --disable-vtable-verify --enable-plugin --enable-default-pie --with-system-zlib --with-target-system-zlib=auto --enable-objc-gc=auto --enable-multiarch --disable-werror --with-arch-32=i686 --with-abi=m64 --with-multilib-list=m32,m64,mx32 --enable-multilib --with-tune=generic --enable-offload-targets=nvptx-none=/build/gcc-9-HskZEa/gcc-9-9.3.0/debian/tmp-nvptx/usr,hsa --without-cuda-driver --enable-checking=release --build=x86_64-linux-gnu --host=x86_64-linux-gnu --target=x86_64-linux-gnu
Thread model: posix
gcc version 9.3.0 (Ubuntu 9.3.0-17ubuntu1~20.04) 
configure:2494: $? = 0
configure:2483: gcc -V >&5
gcc: error: unrecognized command line option '-V'
gcc: fatal error: no input files
compilation terminated.
configure:2494: $? = 1
configure:2483: gcc -qversion >&5
gcc: error: unrecognized command line option '-qversion'; did you mean '--version'?
gcc: fatal error: no input files
compilation terminated.
configure:2494: $? = 1
configure:2514: checking whether the C compiler works
configure:2536: gcc    conftest.c  >&5
configure:2540: $? = 0
configure:2588: result: yes
configure:2591: checking for C compiler default output file name
configure:2593: result: a.out
configure:2599: checking for suffix of executables
configure:2606: gcc -o conftest    conftest.c  >&5
configure:2610: $? = 0
configure:2632: result: 
configure:2654: checking whether we are cross compiling
configure:2662: gcc -o conftest    conftest.c  >&5
configure:2666: $? = 0
configure:2673: ./conftest
configure:2677: $? = 0
configure:2665: result: no
configure:2670: checking for suffix of object files
configure:2692: gcc -c   conftest.c >&5
configure:2696: $? = 0
configure:2717: result: o
configure:2721: checking whether we are using the GNU C compiler
configure:2740: gcc -c   conftest.c >&5
configure:2740: $? = 0
configure:2749: result: yes
configure:2758: checking whether gcc accepts -g
configure:2778: gcc -c -g  conftest.c >&5
configure:2778: $? = 0
configure:2819: result: yes
configure:2836: checking for gcc option to accept ISO C89
configure:2899: gcc  -c -g -O2  conftest.c >&5
configure:2899: $? = 0
configure:2912: result: none needed
configure:2933: checking for library containing strerror
configure:2964: gcc -o conftest -g -O2   conftest.c  >&5
configure:2964: $? = 0
configure:2981: result: none required
configure:2994: checking how to run the C preprocessor
configure:3025: gcc -E  conftest.c
configure:3025: $? = 0
configure:3039: gcc -E  conftest.c
conftest.c:9:10: fatal error: ac_nonexistent.h: No such file or directory
    9 | #include <ac_nonexistent.h>
      |          ^~~~~~~~~~~~~~~~~~
compilation terminated.
configure:3039: $? = 1
configure: failed program was:
| /* confdefs.h */
| #define PACKAGE_NAME "less"
| #define PACKAGE_TARNAME "less"
| #define PACKAGE_VERSION "1"
| #define PACKAGE_STRING "less 1"
| #define PACKAGE_BUGREPORT ""
| #define PACKAGE_URL ""
| /* end confdefs.h.  */
| #include <ac_nonexistent.h>
configure:3064: result: gcc -E
configure:3084: gcc -E  conftest.c
configure:3084: $? = 0
configure:3098: gcc -E  conftest.c
conftest.c:9:10: fatal error: ac_nonexistent.h: No such file or directory
    9 | #include <ac_nonexistent.h>
      |          ^~~~~~~~~~~~~~~~~~
compilation terminated.
configure:3098: $? = 1
configure: failed program was:
| /* confdefs.h */
| #define PACKAGE_NAME "less"
| #define PACKAGE_TARNAME "less"
| #define PACKAGE_VERSION "1"
| #define PACKAGE_STRING "less 1"
| #define PACKAGE_BUGREPORT ""
| #define PACKAGE_URL ""
| /* end confdefs.h.  */
| #include <ac_nonexistent.h>
configure:3127: checking for grep that handles long lines and -e
configure:3185: result: /bin/grep
configure:3190: checking for egrep
configure:3252: result: /bin/grep -E
configure:3258: checking whether gcc needs -traditional
configure:3292: result: no
configure:3342: checking for a BSD-compatible install
configure:3410: result: /bin/install -c
configure:3430: checking for special C compiler options needed for large files
configure:3475: result: no
configure:3481: checking for _FILE_OFFSET_BITS value needed for large files
configure:3506: gcc -c -g -O2  conftest.c >&5
configure:3506: $? = 0
configure:3538: result: no
configure:3625: checking for tgoto in -ltinfo
configure:3650: gcc -o conftest -g -O2   conftest.c -ltinfo   >&5
configure:3650: $? = 0
configure:3659: result: yes
configure:3667: checking for tgoto in -ltinfow
configure:3692: gcc -o conftest -g -O2   conftest.c -ltinfow   >&5
/bin/ld: cannot find -ltinfow
collect2: error: ld returned 1 exit status
configure:3692: $? = 1
configure: failed program was:
| /* confdefs.h */
| #define PACKAGE_NAME "less"
| #define PACKAGE_TARNAME "less"
| #define PACKAGE_VERSION "1"
| #define PACKAGE_STRING "less 1"
| #define PACKAGE_BUGREPORT ""
| #define PACKAGE_URL ""
| /* end confdefs.h.  */
| 
| /* Override any GCC internal prototype to avoid an error.
|    Use char because int might match the return type of a GCC
|    builtin and then its argument prototype would still apply.  */
| #ifdef __cplusplus
| extern "C"
| #endif
| char tgoto ();
| int
| main ()
| {
| return tgoto ();
|   ;
|   return 0;
| }
configure:3701: result: no
configure:3709: checking for initscr in -lxcurses
configure:3734: gcc -o conftest -g -O2   conftest.c -lxcurses   >&5
/bin/ld: cannot find -lxcurses
collect2: error: ld returned 1 exit status
configure:3734: $? = 1
configure: failed program was:
| /* confdefs.h */
| #define PACKAGE_NAME "less"
| #define PACKAGE_TARNAME "less"
| #define PACKAGE_VERSION "1"
| #define PACKAGE_STRING "less 1"
| #define PACKAGE_BUGREPORT ""
| #define PACKAGE_URL ""
| /* end confdefs.h.  */
| 
| /* Override any GCC internal prototype to avoid an error.
|    Use char because int might match the return type of a GCC
|    builtin and then its argument prototype would still apply.  */
| #ifdef __cplusplus
| extern "C"
| #endif
| char initscr ();
| int
| main ()
| {
| return initscr ();
|   ;
|   return 0;
| }
configure:3743: result: no
configure:3751: checking for initscr in -lncursesw
configure:3776: gcc -o conftest -g -O2   conftest.c -lncursesw   >&5
configure:3776: $? = 0
configure:3785: result: yes
configure:3793: checking for initscr in -lncurses
configure:3818: gcc -o conftest -g -O2   conftest.c -lncurses   >&5
configure:3818: $? = 0
configure:3827: result: yes
configure:3835: checking for initscr in -lcurses
configure:3860: gcc -o conftest -g -O2   conftest.c -lcurses   >&5
configure:3860: $? = 0
configure:3869: result: yes
configure:3877: checking for tgetent in -ltermcap
configure:3902: gcc -o conftest -g -O2   conftest.c -ltermcap   >&5
configure:3902: $? = 0
configure:3911: result: yes
configure:3919: checking for tgetent in -ltermlib
configure:3944: gcc -o conftest -g -O2   conftest.c -ltermlib   >&5
/bin/ld: cannot find -ltermlib
collect2: error: ld returned 1 exit status
configure:3944: $? = 1
configure: failed program was:
| /* confdefs.h */
| #define PACKAGE_NAME "less"
| #define PACKAGE_TARNAME "less"
| #define PACKAGE_VERSION "1"
| #define PACKAGE_STRING "less 1"
| #define PACKAGE_BUGREPORT ""
| #define PACKAGE_URL ""
| /* end confdefs.h.  */
| 
| /* Override any GCC internal prototype to avoid an error.
|    Use char because int might match the return type of a GCC
|    builtin and then its argument prototype would still apply.  */
| #ifdef __cplusplus
| extern "C"
| #endif
| char tgetent ();
| int
| main ()
| {
| return tgetent ();
|   ;
|   return 0;
| }
configure:3953: result: no
configure:3963: checking for library containing regcmp
configure:3994: gcc -o conftest -g -O2   conftest.c  >&5
/bin/ld: /tmp/ccW3UvrC.o: in function `main':
/root/dot_file/less-598/conftest.c:20: undefined reference to `regcmp'
collect2: error: ld returned 1 exit status
configure:3994: $? = 1
configure: failed program was:
| /* confdefs.h */
| #define PACKAGE_NAME "less"
| #define PACKAGE_TARNAME "less"
| #define PACKAGE_VERSION "1"
| #define PACKAGE_STRING "less 1"
| #define PACKAGE_BUGREPORT ""
| #define PACKAGE_URL ""
| /* end confdefs.h.  */
| 
| /* Override any GCC internal prototype to avoid an error.
|    Use char because int might match the return type of a GCC
|    builtin and then its argument prototype would still apply.  */
| #ifdef __cplusplus
| extern "C"
| #endif
| char regcmp ();
| int
| main ()
| {
| return regcmp ();
|   ;
|   return 0;
| }
configure:3994: gcc -o conftest -g -O2   conftest.c -lgen   >&5
/bin/ld: cannot find -lgen
collect2: error: ld returned 1 exit status
configure:3994: $? = 1
configure: failed program was:
| /* confdefs.h */
| #define PACKAGE_NAME "less"
| #define PACKAGE_TARNAME "less"
| #define PACKAGE_VERSION "1"
| #define PACKAGE_STRING "less 1"
| #define PACKAGE_BUGREPORT ""
| #define PACKAGE_URL ""
| /* end confdefs.h.  */
| 
| /* Override any GCC internal prototype to avoid an error.
|    Use char because int might match the return type of a GCC
|    builtin and then its argument prototype would still apply.  */
| #ifdef __cplusplus
| extern "C"
| #endif
| char regcmp ();
| int
| main ()
| {
| return regcmp ();
|   ;
|   return 0;
| }
configure:3994: gcc -o conftest -g -O2   conftest.c -lintl   >&5
/bin/ld: cannot find -lintl
collect2: error: ld returned 1 exit status
configure:3994: $? = 1
configure: failed program was:
| /* confdefs.h */
| #define PACKAGE_NAME "less"
| #define PACKAGE_TARNAME "less"
| #define PACKAGE_VERSION "1"
| #define PACKAGE_STRING "less 1"
| #define PACKAGE_BUGREPORT ""
| #define PACKAGE_URL ""
| /* end confdefs.h.  */
| 
| /* Override any GCC internal prototype to avoid an error.
|    Use char because int might match the return type of a GCC
|    builtin and then its argument prototype would still apply.  */
| #ifdef __cplusplus
| extern "C"
| #endif
| char regcmp ();
| int
| main ()
| {
| return regcmp ();
|   ;
|   return 0;
| }
configure:3994: gcc -o conftest -g -O2   conftest.c -lPW   >&5
/bin/ld: cannot find -lPW
collect2: error: ld returned 1 exit status
configure:3994: $? = 1
configure: failed program was:
| /* confdefs.h */
| #define PACKAGE_NAME "less"
| #define PACKAGE_TARNAME "less"
| #define PACKAGE_VERSION "1"
| #define PACKAGE_STRING "less 1"
| #define PACKAGE_BUGREPORT ""
| #define PACKAGE_URL ""
| /* end confdefs.h.  */
| 
| /* Override any GCC internal prototype to avoid an error.
|    Use char because int might match the return type of a GCC
|    builtin and then its argument prototype would still apply.  */
| #ifdef __cplusplus
| extern "C"
| #endif
| char regcmp ();
| int
| main ()
| {
| return regcmp ();
|   ;
|   return 0;
| }
configure:4011: result: no
configure:4021: checking for working terminal libraries
configure:4055: gcc -o conftest -g -O2   conftest.c  -ltinfo >&5
conftest.c: In function 'main':
conftest.c:13:1: warning: implicit declaration of function 'tgetent' [-Wimplicit-function-declaration]
   13 | tgetent(0,0); tgetflag(0); tgetnum(0); tgetstr(0,0);
      | ^~~~~~~
conftest.c:13:15: warning: implicit declaration of function 'tgetflag' [-Wimplicit-function-declaration]
   13 | tgetent(0,0); tgetflag(0); tgetnum(0); tgetstr(0,0);
      |               ^~~~~~~~
conftest.c:13:28: warning: implicit declaration of function 'tgetnum' [-Wimplicit-function-declaration]
   13 | tgetent(0,0); tgetflag(0); tgetnum(0); tgetstr(0,0);
      |                            ^~~~~~~
conftest.c:13:40: warning: implicit declaration of function 'tgetstr' [-Wimplicit-function-declaration]
   13 | tgetent(0,0); tgetflag(0); tgetnum(0); tgetstr(0,0);
      |                                        ^~~~~~~
configure:4055: $? = 0
configure:4307: result: using -ltinfo
configure:4312: checking for ANSI C header files
configure:4332: gcc -c -g -O2  conftest.c >&5
configure:4332: $? = 0
configure:4405: gcc -o conftest -g -O2   conftest.c  -ltinfo >&5
configure:4405: $? = 0
configure:4405: ./conftest
configure:4405: $? = 0
configure:4416: result: yes
configure:4429: checking for sys/types.h
configure:4429: gcc -c -g -O2  conftest.c >&5
configure:4429: $? = 0
configure:4429: result: yes
configure:4429: checking for sys/stat.h
configure:4429: gcc -c -g -O2  conftest.c >&5
configure:4429: $? = 0
configure:4429: result: yes
configure:4429: checking for stdlib.h
configure:4429: gcc -c -g -O2  conftest.c >&5
configure:4429: $? = 0
configure:4429: result: yes
configure:4429: checking for string.h
configure:4429: gcc -c -g -O2  conftest.c >&5
configure:4429: $? = 0
configure:4429: result: yes
configure:4429: checking for memory.h
configure:4429: gcc -c -g -O2  conftest.c >&5
configure:4429: $? = 0
configure:4429: result: yes
configure:4429: checking for strings.h
configure:4429: gcc -c -g -O2  conftest.c >&5
configure:4429: $? = 0
configure:4429: result: yes
configure:4429: checking for inttypes.h
configure:4429: gcc -c -g -O2  conftest.c >&5
configure:4429: $? = 0
configure:4429: result: yes
configure:4429: checking for stdint.h
configure:4429: gcc -c -g -O2  conftest.c >&5
configure:4429: $? = 0
configure:4429: result: yes
configure:4429: checking for unistd.h
configure:4429: gcc -c -g -O2  conftest.c >&5
configure:4429: $? = 0
configure:4429: result: yes
configure:4444: checking ctype.h usability
configure:4444: gcc -c -g -O2  conftest.c >&5
configure:4444: $? = 0
configure:4444: result: yes
configure:4444: checking ctype.h presence
configure:4444: gcc -E  conftest.c
configure:4444: $? = 0
configure:4444: result: yes
configure:4444: checking for ctype.h
configure:4444: result: yes
configure:4444: checking errno.h usability
configure:4444: gcc -c -g -O2  conftest.c >&5
configure:4444: $? = 0
configure:4444: result: yes
configure:4444: checking errno.h presence
configure:4444: gcc -E  conftest.c
configure:4444: $? = 0
configure:4444: result: yes
configure:4444: checking for errno.h
configure:4444: result: yes
configure:4444: checking fcntl.h usability
configure:4444: gcc -c -g -O2  conftest.c >&5
configure:4444: $? = 0
configure:4444: result: yes
configure:4444: checking fcntl.h presence
configure:4444: gcc -E  conftest.c
configure:4444: $? = 0
configure:4444: result: yes
configure:4444: checking for fcntl.h
configure:4444: result: yes
configure:4444: checking limits.h usability
configure:4444: gcc -c -g -O2  conftest.c >&5
configure:4444: $? = 0
configure:4444: result: yes
configure:4444: checking limits.h presence
configure:4444: gcc -E  conftest.c
configure:4444: $? = 0
configure:4444: result: yes
configure:4444: checking for limits.h
configure:4444: result: yes
configure:4444: checking stdio.h usability
configure:4444: gcc -c -g -O2  conftest.c >&5
configure:4444: $? = 0
configure:4444: result: yes
configure:4444: checking stdio.h presence
configure:4444: gcc -E  conftest.c
configure:4444: $? = 0
configure:4444: result: yes
configure:4444: checking for stdio.h
configure:4444: result: yes
configure:4444: checking for stdlib.h
configure:4444: result: yes
configure:4444: checking for string.h
configure:4444: result: yes
configure:4444: checking termcap.h usability
configure:4444: gcc -c -g -O2  conftest.c >&5
configure:4444: $? = 0
configure:4444: result: yes
configure:4444: checking termcap.h presence
configure:4444: gcc -E  conftest.c
configure:4444: $? = 0
configure:4444: result: yes
configure:4444: checking for termcap.h
configure:4444: result: yes
configure:4444: checking termio.h usability
configure:4444: gcc -c -g -O2  conftest.c >&5
configure:4444: $? = 0
configure:4444: result: yes
configure:4444: checking termio.h presence
configure:4444: gcc -E  conftest.c
configure:4444: $? = 0
configure:4444: result: yes
configure:4444: checking for termio.h
configure:4444: result: yes
configure:4444: checking termios.h usability
configure:4444: gcc -c -g -O2  conftest.c >&5
configure:4444: $? = 0
configure:4444: result: yes
configure:4444: checking termios.h presence
configure:4444: gcc -E  conftest.c
configure:4444: $? = 0
configure:4444: result: yes
configure:4444: checking for termios.h
configure:4444: result: yes
configure:4444: checking time.h usability
configure:4444: gcc -c -g -O2  conftest.c >&5
configure:4444: $? = 0
configure:4444: result: yes
configure:4444: checking time.h presence
configure:4444: gcc -E  conftest.c
configure:4444: $? = 0
configure:4444: result: yes
configure:4444: checking for time.h
configure:4444: result: yes
configure:4444: checking for unistd.h
configure:4444: result: yes
configure:4444: checking values.h usability
configure:4444: gcc -c -g -O2  conftest.c >&5
configure:4444: $? = 0
configure:4444: result: yes
configure:4444: checking values.h presence
configure:4444: gcc -E  conftest.c
configure:4444: $? = 0
configure:4444: result: yes
configure:4444: checking for values.h
configure:4444: result: yes
configure:4444: checking sys/ioctl.h usability
configure:4444: gcc -c -g -O2  conftest.c >&5
configure:4444: $? = 0
configure:4444: result: yes
configure:4444: checking sys/ioctl.h presence
configure:4444: gcc -E  conftest.c
configure:4444: $? = 0
configure:4444: result: yes
configure:4444: checking for sys/ioctl.h
configure:4444: result: yes
configure:4444: checking sys/stream.h usability
configure:4444: gcc -c -g -O2  conftest.c >&5
conftest.c:66:10: fatal error: sys/stream.h: No such file or directory
   66 | #include <sys/stream.h>
      |          ^~~~~~~~~~~~~~
compilation terminated.
configure:4444: $? = 1
configure: failed program was:
| /* confdefs.h */
| #define PACKAGE_NAME "less"
| #define PACKAGE_TARNAME "less"
| #define PACKAGE_VERSION "1"
| #define PACKAGE_STRING "less 1"
| #define PACKAGE_BUGREPORT ""
| #define PACKAGE_URL ""
| #define STDC_HEADERS 1
| #define HAVE_SYS_TYPES_H 1
| #define HAVE_SYS_STAT_H 1
| #define HAVE_STDLIB_H 1
| #define HAVE_STRING_H 1
| #define HAVE_MEMORY_H 1
| #define HAVE_STRINGS_H 1
| #define HAVE_INTTYPES_H 1
| #define HAVE_STDINT_H 1
| #define HAVE_UNISTD_H 1
| #define HAVE_CTYPE_H 1
| #define HAVE_ERRNO_H 1
| #define HAVE_FCNTL_H 1
| #define HAVE_LIMITS_H 1
| #define HAVE_STDIO_H 1
| #define HAVE_STDLIB_H 1
| #define HAVE_STRING_H 1
| #define HAVE_TERMCAP_H 1
| #define HAVE_TERMIO_H 1
| #define HAVE_TERMIOS_H 1
| #define HAVE_TIME_H 1
| #define HAVE_UNISTD_H 1
| #define HAVE_VALUES_H 1
| #define HAVE_SYS_IOCTL_H 1
| /* end confdefs.h.  */
| #include <stdio.h>
| #ifdef HAVE_SYS_TYPES_H
| # include <sys/types.h>
| #endif
| #ifdef HAVE_SYS_STAT_H
| # include <sys/stat.h>
| #endif
| #ifdef STDC_HEADERS
| # include <stdlib.h>
| # include <stddef.h>
| #else
| # ifdef HAVE_STDLIB_H
| #  include <stdlib.h>
| # endif
| #endif
| #ifdef HAVE_STRING_H
| # if !defined STDC_HEADERS && defined HAVE_MEMORY_H
| #  include <memory.h>
| # endif
| # include <string.h>
| #endif
| #ifdef HAVE_STRINGS_H
| # include <strings.h>
| #endif
| #ifdef HAVE_INTTYPES_H
| # include <inttypes.h>
| #endif
| #ifdef HAVE_STDINT_H
| # include <stdint.h>
| #endif
| #ifdef HAVE_UNISTD_H
| # include <unistd.h>
| #endif
| #include <sys/stream.h>
configure:4444: result: no
configure:4444: checking sys/stream.h presence
configure:4444: gcc -E  conftest.c
conftest.c:33:10: fatal error: sys/stream.h: No such file or directory
   33 | #include <sys/stream.h>
      |          ^~~~~~~~~~~~~~
compilation terminated.
configure:4444: $? = 1
configure: failed program was:
| /* confdefs.h */
| #define PACKAGE_NAME "less"
| #define PACKAGE_TARNAME "less"
| #define PACKAGE_VERSION "1"
| #define PACKAGE_STRING "less 1"
| #define PACKAGE_BUGREPORT ""
| #define PACKAGE_URL ""
| #define STDC_HEADERS 1
| #define HAVE_SYS_TYPES_H 1
| #define HAVE_SYS_STAT_H 1
| #define HAVE_STDLIB_H 1
| #define HAVE_STRING_H 1
| #define HAVE_MEMORY_H 1
| #define HAVE_STRINGS_H 1
| #define HAVE_INTTYPES_H 1
| #define HAVE_STDINT_H 1
| #define HAVE_UNISTD_H 1
| #define HAVE_CTYPE_H 1
| #define HAVE_ERRNO_H 1
| #define HAVE_FCNTL_H 1
| #define HAVE_LIMITS_H 1
| #define HAVE_STDIO_H 1
| #define HAVE_STDLIB_H 1
| #define HAVE_STRING_H 1
| #define HAVE_TERMCAP_H 1
| #define HAVE_TERMIO_H 1
| #define HAVE_TERMIOS_H 1
| #define HAVE_TIME_H 1
| #define HAVE_UNISTD_H 1
| #define HAVE_VALUES_H 1
| #define HAVE_SYS_IOCTL_H 1
| /* end confdefs.h.  */
| #include <sys/stream.h>
configure:4444: result: no
configure:4444: checking for sys/stream.h
configure:4444: result: no
configure:4444: checking wctype.h usability
configure:4444: gcc -c -g -O2  conftest.c >&5
configure:4444: $? = 0
configure:4444: result: yes
configure:4444: checking wctype.h presence
configure:4444: gcc -E  conftest.c
configure:4444: $? = 0
configure:4444: result: yes
configure:4444: checking for wctype.h
configure:4444: result: yes
configure:4456: checking whether stat file-mode macros are broken
configure:4483: gcc -c -g -O2  conftest.c >&5
configure:4483: $? = 0
configure:4490: result: no
configure:4498: checking for an ANSI C-conforming const
configure:4564: gcc -c -g -O2  conftest.c >&5
configure:4564: $? = 0
configure:4571: result: yes
configure:4579: checking for off_t
configure:4579: gcc -c -g -O2  conftest.c >&5
configure:4579: $? = 0
configure:4579: gcc -c -g -O2  conftest.c >&5
conftest.c: In function 'main':
conftest.c:70:20: error: expected expression before ')' token
   70 | if (sizeof ((off_t)))
      |                    ^
configure:4579: $? = 1
configure: failed program was:
| /* confdefs.h */
| #define PACKAGE_NAME "less"
| #define PACKAGE_TARNAME "less"
| #define PACKAGE_VERSION "1"
| #define PACKAGE_STRING "less 1"
| #define PACKAGE_BUGREPORT ""
| #define PACKAGE_URL ""
| #define STDC_HEADERS 1
| #define HAVE_SYS_TYPES_H 1
| #define HAVE_SYS_STAT_H 1
| #define HAVE_STDLIB_H 1
| #define HAVE_STRING_H 1
| #define HAVE_MEMORY_H 1
| #define HAVE_STRINGS_H 1
| #define HAVE_INTTYPES_H 1
| #define HAVE_STDINT_H 1
| #define HAVE_UNISTD_H 1
| #define HAVE_CTYPE_H 1
| #define HAVE_ERRNO_H 1
| #define HAVE_FCNTL_H 1
| #define HAVE_LIMITS_H 1
| #define HAVE_STDIO_H 1
| #define HAVE_STDLIB_H 1
| #define HAVE_STRING_H 1
| #define HAVE_TERMCAP_H 1
| #define HAVE_TERMIO_H 1
| #define HAVE_TERMIOS_H 1
| #define HAVE_TIME_H 1
| #define HAVE_UNISTD_H 1
| #define HAVE_VALUES_H 1
| #define HAVE_SYS_IOCTL_H 1
| #define HAVE_WCTYPE_H 1
| /* end confdefs.h.  */
| #include <stdio.h>
| #ifdef HAVE_SYS_TYPES_H
| # include <sys/types.h>
| #endif
| #ifdef HAVE_SYS_STAT_H
| # include <sys/stat.h>
| #endif
| #ifdef STDC_HEADERS
| # include <stdlib.h>
| # include <stddef.h>
| #else
| # ifdef HAVE_STDLIB_H
| #  include <stdlib.h>
| # endif
| #endif
| #ifdef HAVE_STRING_H
| # if !defined STDC_HEADERS && defined HAVE_MEMORY_H
| #  include <memory.h>
| # endif
| # include <string.h>
| #endif
| #ifdef HAVE_STRINGS_H
| # include <strings.h>
| #endif
| #ifdef HAVE_INTTYPES_H
| # include <inttypes.h>
| #endif
| #ifdef HAVE_STDINT_H
| # include <stdint.h>
| #endif
| #ifdef HAVE_UNISTD_H
| # include <unistd.h>
| #endif
| int
| main ()
| {
| if (sizeof ((off_t)))
| 	    return 0;
|   ;
|   return 0;
| }
configure:4579: result: yes
configure:4590: checking for size_t
configure:4590: gcc -c -g -O2  conftest.c >&5
configure:4590: $? = 0
configure:4590: gcc -c -g -O2  conftest.c >&5
conftest.c: In function 'main':
conftest.c:70:21: error: expected expression before ')' token
   70 | if (sizeof ((size_t)))
      |                     ^
configure:4590: $? = 1
configure: failed program was:
| /* confdefs.h */
| #define PACKAGE_NAME "less"
| #define PACKAGE_TARNAME "less"
| #define PACKAGE_VERSION "1"
| #define PACKAGE_STRING "less 1"
| #define PACKAGE_BUGREPORT ""
| #define PACKAGE_URL ""
| #define STDC_HEADERS 1
| #define HAVE_SYS_TYPES_H 1
| #define HAVE_SYS_STAT_H 1
| #define HAVE_STDLIB_H 1
| #define HAVE_STRING_H 1
| #define HAVE_MEMORY_H 1
| #define HAVE_STRINGS_H 1
| #define HAVE_INTTYPES_H 1
| #define HAVE_STDINT_H 1
| #define HAVE_UNISTD_H 1
| #define HAVE_CTYPE_H 1
| #define HAVE_ERRNO_H 1
| #define HAVE_FCNTL_H 1
| #define HAVE_LIMITS_H 1
| #define HAVE_STDIO_H 1
| #define HAVE_STDLIB_H 1
| #define HAVE_STRING_H 1
| #define HAVE_TERMCAP_H 1
| #define HAVE_TERMIO_H 1
| #define HAVE_TERMIOS_H 1
| #define HAVE_TIME_H 1
| #define HAVE_UNISTD_H 1
| #define HAVE_VALUES_H 1
| #define HAVE_SYS_IOCTL_H 1
| #define HAVE_WCTYPE_H 1
| /* end confdefs.h.  */
| #include <stdio.h>
| #ifdef HAVE_SYS_TYPES_H
| # include <sys/types.h>
| #endif
| #ifdef HAVE_SYS_STAT_H
| # include <sys/stat.h>
| #endif
| #ifdef STDC_HEADERS
| # include <stdlib.h>
| # include <stddef.h>
| #else
| # ifdef HAVE_STDLIB_H
| #  include <stdlib.h>
| # endif
| #endif
| #ifdef HAVE_STRING_H
| # if !defined STDC_HEADERS && defined HAVE_MEMORY_H
| #  include <memory.h>
| # endif
| # include <string.h>
| #endif
| #ifdef HAVE_STRINGS_H
| # include <strings.h>
| #endif
| #ifdef HAVE_INTTYPES_H
| # include <inttypes.h>
| #endif
| #ifdef HAVE_STDINT_H
| # include <stdint.h>
| #endif
| #ifdef HAVE_UNISTD_H
| # include <unistd.h>
| #endif
| int
| main ()
| {
| if (sizeof ((size_t)))
| 	    return 0;
|   ;
|   return 0;
| }
configure:4590: result: yes
configure:4601: checking whether time.h and sys/time.h may both be included
configure:4621: gcc -c -g -O2  conftest.c >&5
configure:4621: $? = 0
configure:4628: result: yes
configure:4670: checking for off_t
configure:4670: result: yes
configure:4681: checking for void
configure:4694: gcc -c -g -O2  conftest.c >&5
configure:4694: $? = 0
configure:4695: result: yes
configure:4703: checking for const
configure:4716: gcc -c -g -O2  conftest.c >&5
configure:4716: $? = 0
configure:4717: result: yes
configure:4725: checking for time_t
configure:4738: gcc -c -g -O2  conftest.c >&5
configure:4738: $? = 0
configure:4739: result: yes
configure:4747: checking for st_ino in struct stat
configure:4761: gcc -c -g -O2  conftest.c >&5
configure:4761: $? = 0
configure:4762: result: yes
configure:4770: checking for procfs
configure:4783: gcc -c -g -O2  conftest.c >&5
conftest.c: In function 'main':
conftest.c:43:29: error: 'PROC_SUPER_MAGIC' undeclared (first use in this function)
   43 | struct statfs s; s.f_type = PROC_SUPER_MAGIC; (void) fstatfs(0,&s);
      |                             ^~~~~~~~~~~~~~~~
conftest.c:43:29: note: each undeclared identifier is reported only once for each function it appears in
configure:4783: $? = 1
configure: failed program was:
| /* confdefs.h */
| #define PACKAGE_NAME "less"
| #define PACKAGE_TARNAME "less"
| #define PACKAGE_VERSION "1"
| #define PACKAGE_STRING "less 1"
| #define PACKAGE_BUGREPORT ""
| #define PACKAGE_URL ""
| #define STDC_HEADERS 1
| #define HAVE_SYS_TYPES_H 1
| #define HAVE_SYS_STAT_H 1
| #define HAVE_STDLIB_H 1
| #define HAVE_STRING_H 1
| #define HAVE_MEMORY_H 1
| #define HAVE_STRINGS_H 1
| #define HAVE_INTTYPES_H 1
| #define HAVE_STDINT_H 1
| #define HAVE_UNISTD_H 1
| #define HAVE_CTYPE_H 1
| #define HAVE_ERRNO_H 1
| #define HAVE_FCNTL_H 1
| #define HAVE_LIMITS_H 1
| #define HAVE_STDIO_H 1
| #define HAVE_STDLIB_H 1
| #define HAVE_STRING_H 1
| #define HAVE_TERMCAP_H 1
| #define HAVE_TERMIO_H 1
| #define HAVE_TERMIOS_H 1
| #define HAVE_TIME_H 1
| #define HAVE_UNISTD_H 1
| #define HAVE_VALUES_H 1
| #define HAVE_SYS_IOCTL_H 1
| #define HAVE_WCTYPE_H 1
| #define TIME_WITH_SYS_TIME 1
| #define HAVE_VOID 1
| #define HAVE_CONST 1
| #define HAVE_TIME_T 1
| #define HAVE_STAT_INO 1
| /* end confdefs.h.  */
| #include <sys/statfs.h>
| int
| main ()
| {
| struct statfs s; s.f_type = PROC_SUPER_MAGIC; (void) fstatfs(0,&s);
|   ;
|   return 0;
| }
configure:4788: result: no
configure:4794: checking for ANSI function prototypes
configure:4807: gcc -c -g -O2  conftest.c >&5
configure:4807: $? = 0
configure:4808: result: yes
configure:4818: checking return type of signal handlers
configure:4836: gcc -c -g -O2  conftest.c >&5
conftest.c: In function 'main':
conftest.c:46:10: error: void value not ignored as it ought to be
   46 | return *(signal (0, 0)) (0) == 1;
      |         ~^~~~~~~~~~~~~~~~~~
configure:4836: $? = 1
configure: failed program was:
| /* confdefs.h */
| #define PACKAGE_NAME "less"
| #define PACKAGE_TARNAME "less"
| #define PACKAGE_VERSION "1"
| #define PACKAGE_STRING "less 1"
| #define PACKAGE_BUGREPORT ""
| #define PACKAGE_URL ""
| #define STDC_HEADERS 1
| #define HAVE_SYS_TYPES_H 1
| #define HAVE_SYS_STAT_H 1
| #define HAVE_STDLIB_H 1
| #define HAVE_STRING_H 1
| #define HAVE_MEMORY_H 1
| #define HAVE_STRINGS_H 1
| #define HAVE_INTTYPES_H 1
| #define HAVE_STDINT_H 1
| #define HAVE_UNISTD_H 1
| #define HAVE_CTYPE_H 1
| #define HAVE_ERRNO_H 1
| #define HAVE_FCNTL_H 1
| #define HAVE_LIMITS_H 1
| #define HAVE_STDIO_H 1
| #define HAVE_STDLIB_H 1
| #define HAVE_STRING_H 1
| #define HAVE_TERMCAP_H 1
| #define HAVE_TERMIO_H 1
| #define HAVE_TERMIOS_H 1
| #define HAVE_TIME_H 1
| #define HAVE_UNISTD_H 1
| #define HAVE_VALUES_H 1
| #define HAVE_SYS_IOCTL_H 1
| #define HAVE_WCTYPE_H 1
| #define TIME_WITH_SYS_TIME 1
| #define HAVE_VOID 1
| #define HAVE_CONST 1
| #define HAVE_TIME_T 1
| #define HAVE_STAT_INO 1
| #define HAVE_ANSI_PROTOS 1
| /* end confdefs.h.  */
| #include <sys/types.h>
| #include <signal.h>
| 
| int
| main ()
| {
| return *(signal (0, 0)) (0) == 1;
|   ;
|   return 0;
| }
configure:4843: result: void
configure:4854: checking for fchmod
configure:4854: gcc -o conftest -g -O2   conftest.c  -ltinfo >&5
configure:4854: $? = 0
configure:4854: result: yes
configure:4854: checking for fsync
configure:4854: gcc -o conftest -g -O2   conftest.c  -ltinfo >&5
configure:4854: $? = 0
configure:4854: result: yes
configure:4854: checking for nanosleep
configure:4854: gcc -o conftest -g -O2   conftest.c  -ltinfo >&5
configure:4854: $? = 0
configure:4854: result: yes
configure:4854: checking for poll
configure:4854: gcc -o conftest -g -O2   conftest.c  -ltinfo >&5
configure:4854: $? = 0
configure:4854: result: yes
configure:4854: checking for popen
configure:4854: gcc -o conftest -g -O2   conftest.c  -ltinfo >&5
configure:4854: $? = 0
configure:4854: result: yes
configure:4854: checking for realpath
configure:4854: gcc -o conftest -g -O2   conftest.c  -ltinfo >&5
configure:4854: $? = 0
configure:4854: result: yes
configure:4854: checking for _setjmp
configure:4854: gcc -o conftest -g -O2   conftest.c  -ltinfo >&5
configure:4854: $? = 0
configure:4854: result: yes
configure:4854: checking for sigprocmask
configure:4854: gcc -o conftest -g -O2   conftest.c  -ltinfo >&5
configure:4854: $? = 0
configure:4854: result: yes
configure:4854: checking for sigsetmask
configure:4854: gcc -o conftest -g -O2   conftest.c  -ltinfo >&5
configure:4854: $? = 0
configure:4854: result: yes
configure:4854: checking for snprintf
configure:4854: gcc -o conftest -g -O2   conftest.c  -ltinfo >&5
conftest.c:73:6: warning: conflicting types for built-in function 'snprintf'; expected 'int(char *, long unsigned int,  const char *, ...)' [-Wbuiltin-declaration-mismatch]
   73 | char snprintf ();
      |      ^~~~~~~~
conftest.c:61:1: note: 'snprintf' is declared in header '<stdio.h>'
   60 | # include <limits.h>
   61 | #else
configure:4854: $? = 0
configure:4854: result: yes
configure:4854: checking for stat
configure:4854: gcc -o conftest -g -O2   conftest.c  -ltinfo >&5
configure:4854: $? = 0
configure:4854: result: yes
configure:4854: checking for system
configure:4854: gcc -o conftest -g -O2   conftest.c  -ltinfo >&5
configure:4854: $? = 0
configure:4854: result: yes
configure:4854: checking for ttyname
configure:4854: gcc -o conftest -g -O2   conftest.c  -ltinfo >&5
configure:4854: $? = 0
configure:4854: result: yes
configure:4854: checking for usleep
configure:4854: gcc -o conftest -g -O2   conftest.c  -ltinfo >&5
configure:4854: $? = 0
configure:4854: result: yes
configure:4865: checking for memcpy
configure:4881: gcc -o conftest -g -O2   conftest.c  -ltinfo >&5
conftest.c: In function 'main':
conftest.c:62:1: warning: null argument where non-null required (argument 1) [-Wnonnull]
   62 | memcpy(0,0,0);
      | ^~~~~~
conftest.c:62:1: warning: null argument where non-null required (argument 2) [-Wnonnull]
configure:4881: $? = 0
configure:4882: result: yes
configure:4892: checking for strchr
configure:4908: gcc -o conftest -g -O2   conftest.c  -ltinfo >&5
configure:4908: $? = 0
configure:4909: result: yes
configure:4919: checking for strstr
configure:4935: gcc -o conftest -g -O2   conftest.c  -ltinfo >&5
configure:4935: $? = 0
configure:4936: result: yes
configure:4947: checking for tcgetattr
configure:4947: gcc -o conftest -g -O2   conftest.c  -ltinfo >&5
configure:4947: $? = 0
configure:4947: result: yes
configure:4954: checking for fileno
configure:4970: gcc -o conftest -g -O2   conftest.c  -ltinfo >&5
configure:4970: $? = 0
configure:4971: result: yes
configure:4981: checking for strerror
configure:5003: gcc -o conftest -g -O2   conftest.c  -ltinfo >&5
configure:5003: $? = 0
configure:5004: result: yes
configure:5014: checking for sys_errlist
configure:5027: gcc -o conftest -g -O2   conftest.c  -ltinfo >&5
configure:5027: $? = 0
configure:5028: result: yes
configure:5038: checking for sigset_t
configure:5038: gcc -c -g -O2  conftest.c >&5
configure:5038: $? = 0
configure:5038: gcc -c -g -O2  conftest.c >&5
conftest.c: In function 'main':
conftest.c:67:23: error: expected expression before ')' token
   67 | if (sizeof ((sigset_t)))
      |                       ^
configure:5038: $? = 1
configure: failed program was:
| /* confdefs.h */
| #define PACKAGE_NAME "less"
| #define PACKAGE_TARNAME "less"
| #define PACKAGE_VERSION "1"
| #define PACKAGE_STRING "less 1"
| #define PACKAGE_BUGREPORT ""
| #define PACKAGE_URL ""
| #define STDC_HEADERS 1
| #define HAVE_SYS_TYPES_H 1
| #define HAVE_SYS_STAT_H 1
| #define HAVE_STDLIB_H 1
| #define HAVE_STRING_H 1
| #define HAVE_MEMORY_H 1
| #define HAVE_STRINGS_H 1
| #define HAVE_INTTYPES_H 1
| #define HAVE_STDINT_H 1
| #define HAVE_UNISTD_H 1
| #define HAVE_CTYPE_H 1
| #define HAVE_ERRNO_H 1
| #define HAVE_FCNTL_H 1
| #define HAVE_LIMITS_H 1
| #define HAVE_STDIO_H 1
| #define HAVE_STDLIB_H 1
| #define HAVE_STRING_H 1
| #define HAVE_TERMCAP_H 1
| #define HAVE_TERMIO_H 1
| #define HAVE_TERMIOS_H 1
| #define HAVE_TIME_H 1
| #define HAVE_UNISTD_H 1
| #define HAVE_VALUES_H 1
| #define HAVE_SYS_IOCTL_H 1
| #define HAVE_WCTYPE_H 1
| #define TIME_WITH_SYS_TIME 1
| #define HAVE_VOID 1
| #define HAVE_CONST 1
| #define HAVE_TIME_T 1
| #define HAVE_STAT_INO 1
| #define HAVE_ANSI_PROTOS 1
| #define RETSIGTYPE void
| #define HAVE_FCHMOD 1
| #define HAVE_FSYNC 1
| #define HAVE_NANOSLEEP 1
| #define HAVE_POLL 1
| #define HAVE_POPEN 1
| #define HAVE_REALPATH 1
| #define HAVE__SETJMP 1
| #define HAVE_SIGPROCMASK 1
| #define HAVE_SIGSETMASK 1
| #define HAVE_SNPRINTF 1
| #define HAVE_STAT 1
| #define HAVE_SYSTEM 1
| #define HAVE_TTYNAME 1
| #define HAVE_USLEEP 1
| #define HAVE_MEMCPY 1
| #define HAVE_STRCHR 1
| #define HAVE_STRSTR 1
| #define HAVE_TERMIOS_FUNCS 1
| #define HAVE_FILENO 1
| #define HAVE_STRERROR 1
| #define HAVE_SYS_ERRLIST 1
| /* end confdefs.h.  */
| #include <signal.h>
| 
| int
| main ()
| {
| if (sizeof ((sigset_t)))
| 	    return 0;
|   ;
|   return 0;
| }
configure:5038: result: yes
configure:5050: checking for sigemptyset
configure:5065: gcc -o conftest -g -O2   conftest.c  -ltinfo >&5
configure:5065: $? = 0
configure:5066: result: yes
configure:5077: checking for errno
configure:5093: gcc -o conftest -g -O2   conftest.c  -ltinfo >&5
configure:5093: $? = 0
configure:5094: result: yes - in errno.h
configure:5128: checking for locale
configure:5143: gcc -o conftest -g -O2   conftest.c  -ltinfo >&5
configure:5143: $? = 0
configure:5144: result: yes
configure:5154: checking for ctype functions
configure:5170: gcc -o conftest -g -O2   conftest.c  -ltinfo >&5
configure:5170: $? = 0
configure:5171: result: yes
configure:5181: checking for wctype functions
configure:5194: gcc -o conftest -g -O2   conftest.c  -ltinfo >&5
configure:5194: $? = 0
configure:5195: result: yes
configure:5207: checking termcap for ospeed
configure:5227: gcc -o conftest -g -O2   conftest.c  -ltinfo >&5
configure:5227: $? = 0
configure:5228: result: yes - in termcap.h
configure:5276: checking for floating point
configure:5298: gcc -o conftest -g -O2   conftest.c  -ltinfo >&5
configure:5298: $? = 0
configure:5299: result: yes
configure:5331: checking for POSIX regcomp
configure:5351: gcc -o conftest -g -O2   conftest.c  -ltinfo >&5
conftest.c:74:1: warning: return type defaults to 'int' [-Wimplicit-int]
   74 | main() { regex_t r; regmatch_t rm; char *text = "xabcy";
      | ^~~~
conftest.c: In function 'main':
conftest.c:75:28: warning: implicit declaration of function 'exit' [-Wimplicit-function-declaration]
   75 | if (regcomp(&r, "abc", 0)) exit(1);
      |                            ^~~~
conftest.c:75:28: warning: incompatible implicit declaration of built-in function 'exit'
conftest.c:74:1: note: include '<stdlib.h>' or provide a declaration of 'exit'
   73 | #include <regex.h>
  +++ |+#include <stdlib.h>
   74 | main() { regex_t r; regmatch_t rm; char *text = "xabcy";
conftest.c:76:35: warning: incompatible implicit declaration of built-in function 'exit'
   76 | if (regexec(&r, text, 1, &rm, 0)) exit(1);
      |                                   ^~~~
conftest.c:76:35: note: include '<stdlib.h>' or provide a declaration of 'exit'
conftest.c:78:20: warning: incompatible implicit declaration of built-in function 'exit'
   78 | if (rm.rm_so != 1) exit(1); /* check for correct offset */
      |                    ^~~~
conftest.c:78:20: note: include '<stdlib.h>' or provide a declaration of 'exit'
conftest.c:82:1: warning: incompatible implicit declaration of built-in function 'exit'
   82 | exit(0); }
      | ^~~~
conftest.c:82:1: note: include '<stdlib.h>' or provide a declaration of 'exit'
configure:5351: $? = 0
configure:5351: ./conftest
configure:5351: $? = 0
configure:5361: result: yes
configure:5609: result: regular expression library:  posix
configure:5735: creating ./config.status

## ---------------------- ##
## Running config.status. ##
## ---------------------- ##

This file was extended by less config.status 1, which was
generated by GNU Autoconf 2.69.  Invocation command line was

  CONFIG_FILES    = 
  CONFIG_HEADERS  = 
  CONFIG_LINKS    = 
  CONFIG_COMMANDS = 
  $ ./config.status 

on redmi14-leo

config.status:854: creating Makefile
config.status:854: creating defines.h

## ---------------- ##
## Cache variables. ##
## ---------------- ##

ac_cv_c_compiler_gnu=yes
ac_cv_c_const=yes
ac_cv_env_CC_set=
ac_cv_env_CC_value=
ac_cv_env_CFLAGS_set=
ac_cv_env_CFLAGS_value=
ac_cv_env_CPPFLAGS_set=
ac_cv_env_CPPFLAGS_value=
ac_cv_env_CPP_set=
ac_cv_env_CPP_value=
ac_cv_env_LDFLAGS_set=
ac_cv_env_LDFLAGS_value=
ac_cv_env_LIBS_set=
ac_cv_env_LIBS_value=
ac_cv_env_build_alias_set=
ac_cv_env_build_alias_value=
ac_cv_env_host_alias_set=
ac_cv_env_host_alias_value=
ac_cv_env_target_alias_set=
ac_cv_env_target_alias_value=
ac_cv_func__setjmp=yes
ac_cv_func_fchmod=yes
ac_cv_func_fsync=yes
ac_cv_func_nanosleep=yes
ac_cv_func_poll=yes
ac_cv_func_popen=yes
ac_cv_func_realpath=yes
ac_cv_func_sigprocmask=yes
ac_cv_func_sigsetmask=yes
ac_cv_func_snprintf=yes
ac_cv_func_stat=yes
ac_cv_func_system=yes
ac_cv_func_tcgetattr=yes
ac_cv_func_ttyname=yes
ac_cv_func_usleep=yes
ac_cv_header_ctype_h=yes
ac_cv_header_errno_h=yes
ac_cv_header_fcntl_h=yes
ac_cv_header_inttypes_h=yes
ac_cv_header_limits_h=yes
ac_cv_header_memory_h=yes
ac_cv_header_stat_broken=no
ac_cv_header_stdc=yes
ac_cv_header_stdint_h=yes
ac_cv_header_stdio_h=yes
ac_cv_header_stdlib_h=yes
ac_cv_header_string_h=yes
ac_cv_header_strings_h=yes
ac_cv_header_sys_ioctl_h=yes
ac_cv_header_sys_stat_h=yes
ac_cv_header_sys_stream_h=no
ac_cv_header_sys_types_h=yes
ac_cv_header_termcap_h=yes
ac_cv_header_termio_h=yes
ac_cv_header_termios_h=yes
ac_cv_header_time=yes
ac_cv_header_time_h=yes
ac_cv_header_unistd_h=yes
ac_cv_header_values_h=yes
ac_cv_header_wctype_h=yes
ac_cv_lib_curses_initscr=yes
ac_cv_lib_ncurses_initscr=yes
ac_cv_lib_ncursesw_initscr=yes
ac_cv_lib_termcap_tgetent=yes
ac_cv_lib_termlib_tgetent=no
ac_cv_lib_tinfo_tgoto=yes
ac_cv_lib_tinfow_tgoto=no
ac_cv_lib_xcurses_initscr=no
ac_cv_objext=o
ac_cv_path_EGREP='/bin/grep -E'
ac_cv_path_GREP=/bin/grep
ac_cv_path_install='/bin/install -c'
ac_cv_prog_CPP='gcc -E'
ac_cv_prog_ac_ct_CC=gcc
ac_cv_prog_cc_c89=
ac_cv_prog_cc_g=yes
ac_cv_prog_gcc_traditional=no
ac_cv_search_regcmp=no
ac_cv_search_strerror='none required'
ac_cv_sys_file_offset_bits=no
ac_cv_sys_largefile_CC=no
ac_cv_type_off_t=yes
ac_cv_type_signal=void
ac_cv_type_sigset_t=yes
ac_cv_type_size_t=yes

## ----------------- ##
## Output variables. ##
## ----------------- ##

CC='gcc'
CFLAGS='-g -O2'
CPP='gcc -E'
CPPFLAGS=''
DEFS='-DHAVE_CONFIG_H'
ECHO_C=''
ECHO_N='-n'
ECHO_T=''
EGREP='/bin/grep -E'
EXEEXT=''
GREP='/bin/grep'
INSTALL_DATA='${INSTALL} -m 644'
INSTALL_PROGRAM='${INSTALL}'
INSTALL_SCRIPT='${INSTALL}'
LDFLAGS=''
LIBOBJS=''
LIBS=' -ltinfo'
LTLIBOBJS=''
OBJEXT='o'
PACKAGE_BUGREPORT=''
PACKAGE_NAME='less'
PACKAGE_STRING='less 1'
PACKAGE_TARNAME='less'
PACKAGE_URL=''
PACKAGE_VERSION='1'
PATH_SEPARATOR=':'
REGEX_O=''
SECURE_COMPILE='0'
SHELL='/bin/bash'
ac_ct_CC='gcc'
bindir='${exec_prefix}/bin'
build_alias=''
datadir='${datarootdir}'
datarootdir='${prefix}/share'
docdir='${datarootdir}/doc/${PACKAGE_TARNAME}'
dvidir='${docdir}'
exec_prefix='${prefix}'
host_alias=''
htmldir='${docdir}'
includedir='${prefix}/include'
infodir='${datarootdir}/info'
libdir='${exec_prefix}/lib'
libexecdir='${exec_prefix}/libexec'
localedir='${datarootdir}/locale'
localstatedir='${prefix}/var'
mandir='${datarootdir}/man'
oldincludedir='/usr/include'
pdfdir='${docdir}'
prefix='/usr/local'
program_transform_name='s,x,x,'
psdir='${docdir}'
runstatedir='${localstatedir}/run'
sbindir='${exec_prefix}/sbin'
sharedstatedir='${prefix}/com'
sysconfdir='${prefix}/etc'
target_alias=''

## ----------- ##
## confdefs.h. ##
## ----------- ##

/* confdefs.h */
#define PACKAGE_NAME "less"
#define PACKAGE_TARNAME "less"
#define PACKAGE_VERSION "1"
#define PACKAGE_STRING "less 1"
#define PACKAGE_BUGREPORT ""
#define PACKAGE_URL ""
#define STDC_HEADERS 1
#define HAVE_SYS_TYPES_H 1
#define HAVE_SYS_STAT_H 1
#define HAVE_STDLIB_H 1
#define HAVE_STRING_H 1
#define HAVE_MEMORY_H 1
#define HAVE_STRINGS_H 1
#define HAVE_INTTYPES_H 1
#define HAVE_STDINT_H 1
#define HAVE_UNISTD_H 1
#define HAVE_CTYPE_H 1
#define HAVE_ERRNO_H 1
#define HAVE_FCNTL_H 1
#define HAVE_LIMITS_H 1
#define HAVE_STDIO_H 1
#define HAVE_STDLIB_H 1
#define HAVE_STRING_H 1
#define HAVE_TERMCAP_H 1
#define HAVE_TERMIO_H 1
#define HAVE_TERMIOS_H 1
#define HAVE_TIME_H 1
#define HAVE_UNISTD_H 1
#define HAVE_VALUES_H 1
#define HAVE_SYS_IOCTL_H 1
#define HAVE_WCTYPE_H 1
#define TIME_WITH_SYS_TIME 1
#define HAVE_VOID 1
#define HAVE_CONST 1
#define HAVE_TIME_T 1
#define HAVE_STAT_INO 1
#define HAVE_ANSI_PROTOS 1
#define RETSIGTYPE void
#define HAVE_FCHMOD 1
#define HAVE_FSYNC 1
#define HAVE_NANOSLEEP 1
#define HAVE_POLL 1
#define HAVE_POPEN 1
#define HAVE_REALPATH 1
#define HAVE__SETJMP 1
#define HAVE_SIGPROCMASK 1
#define HAVE_SIGSETMASK 1
#define HAVE_SNPRINTF 1
#define HAVE_STAT 1
#define HAVE_SYSTEM 1
#define HAVE_TTYNAME 1
#define HAVE_USLEEP 1
#define HAVE_MEMCPY 1
#define HAVE_STRCHR 1
#define HAVE_STRSTR 1
#define HAVE_TERMIOS_FUNCS 1
#define HAVE_FILENO 1
#define HAVE_STRERROR 1
#define HAVE_SYS_ERRLIST 1
#define HAVE_SIGSET_T 1
#define HAVE_SIGEMPTYSET 1
#define HAVE_ERRNO 1
#define HAVE_LOCALE 1
#define HAVE_UPPER_LOWER 1
#define HAVE_WCTYPE 1
#define HAVE_OSPEED 1
#define SECURE_COMPILE 0
#define HAVE_FLOAT 1
#define HAVE_POSIX_REGCOMP 1
#define EDIT_PGM "vi"

configure: exit 0
