1636804259.080996 client started (691231): version 3.0a, socket /tmp//tmux-1002/wfwfwf, protocol 8
1636804259.081019 on Linux 5.4.0-89-generic #100-Ubuntu SMP Fri Sep 24 14:50:10 UTC 2021; libevent 2.1.11-stable (poll)
1636804259.081028 socket is /tmp//tmux-1002/wfwfwf
1636804259.081040 trying connect
1636804259.081055 connect failed: No such file or directory
1636804259.081064 lock file is /tmp//tmux-1002/wfwfwf.lock
1636804259.081158 flock succeeded
1636804259.081161 got lock (6)
1636804259.081165 trying connect
1636804259.081171 connect failed: No such file or directory
1636804259.081338 add peer 0x55d4044031f0: 7 ((nil))
1636804259.081451 sending message 100 to peer 0x55d4044031f0 (4 bytes)
1636804259.081457 sending message 101 to peer 0x55d4044031f0 (16 bytes)
1636804259.081460 sending message 102 to peer 0x55d4044031f0 (12 bytes)
1636804259.081464 sending message 108 to peer 0x55d4044031f0 (31 bytes)
1636804259.081468 sending message 104 to peer 0x55d4044031f0 (0 bytes)
1636804259.081471 sending message 107 to peer 0x55d4044031f0 (4 bytes)
1636804259.081477 sending message 105 to peer 0x55d4044031f0 (39 bytes)
1636804259.081481 sending message 105 to peer 0x55d4044031f0 (100 bytes)
1636804259.081484 sending message 105 to peer 0x55d4044031f0 (20 bytes)
1636804259.081488 sending message 105 to peer 0x55d4044031f0 (28 bytes)
1636804259.081491 sending message 105 to peer 0x55d4044031f0 (39 bytes)
1636804259.081495 sending message 105 to peer 0x55d4044031f0 (47 bytes)
1636804259.081514 sending message 105 to peer 0x55d4044031f0 (35 bytes)
1636804259.081520 sending message 105 to peer 0x55d4044031f0 (47 bytes)
1636804259.081523 sending message 105 to peer 0x55d4044031f0 (14 bytes)
1636804259.081527 sending message 105 to peer 0x55d4044031f0 (54 bytes)
1636804259.081530 sending message 105 to peer 0x55d4044031f0 (23 bytes)
1636804259.081534 sending message 105 to peer 0x55d4044031f0 (47 bytes)
1636804259.081538 sending message 105 to peer 0x55d4044031f0 (1850 bytes)
1636804259.081542 sending message 105 to peer 0x55d4044031f0 (14 bytes)
1636804259.081545 sending message 105 to peer 0x55d4044031f0 (17 bytes)
1636804259.081549 sending message 105 to peer 0x55d4044031f0 (27 bytes)
1636804259.081552 sending message 105 to peer 0x55d4044031f0 (23 bytes)
1636804259.081555 sending message 105 to peer 0x55d4044031f0 (19 bytes)
1636804259.081559 sending message 105 to peer 0x55d4044031f0 (30 bytes)
1636804259.081562 sending message 105 to peer 0x55d4044031f0 (27 bytes)
1636804259.081565 sending message 105 to peer 0x55d4044031f0 (24 bytes)
1636804259.081569 sending message 105 to peer 0x55d4044031f0 (20 bytes)
1636804259.081572 sending message 105 to peer 0x55d4044031f0 (23 bytes)
1636804259.081575 sending message 105 to peer 0x55d4044031f0 (21 bytes)
1636804259.081578 sending message 105 to peer 0x55d4044031f0 (25 bytes)
1636804259.081582 sending message 105 to peer 0x55d4044031f0 (20 bytes)
1636804259.081585 sending message 105 to peer 0x55d4044031f0 (73 bytes)
1636804259.081589 sending message 105 to peer 0x55d4044031f0 (136 bytes)
1636804259.081593 sending message 105 to peer 0x55d4044031f0 (21 bytes)
1636804259.081596 sending message 105 to peer 0x55d4044031f0 (21 bytes)
1636804259.081599 sending message 105 to peer 0x55d4044031f0 (42 bytes)
1636804259.081602 sending message 105 to peer 0x55d4044031f0 (21 bytes)
1636804259.081606 sending message 105 to peer 0x55d4044031f0 (24 bytes)
1636804259.081609 sending message 105 to peer 0x55d4044031f0 (68 bytes)
1636804259.081612 sending message 105 to peer 0x55d4044031f0 (11 bytes)
1636804259.081616 sending message 105 to peer 0x55d4044031f0 (44 bytes)
1636804259.081619 sending message 105 to peer 0x55d4044031f0 (339 bytes)
1636804259.081623 sending message 105 to peer 0x55d4044031f0 (15 bytes)
1636804259.081626 sending message 105 to peer 0x55d4044031f0 (38 bytes)
1636804259.081629 sending message 105 to peer 0x55d4044031f0 (33 bytes)
1636804259.081633 sending message 105 to peer 0x55d4044031f0 (188 bytes)
1636804259.081636 sending message 105 to peer 0x55d4044031f0 (10 bytes)
1636804259.081640 sending message 105 to peer 0x55d4044031f0 (67 bytes)
1636804259.081649 sending message 105 to peer 0x55d4044031f0 (104 bytes)
1636804259.081653 sending message 105 to peer 0x55d4044031f0 (26 bytes)
1636804259.081656 sending message 105 to peer 0x55d4044031f0 (57 bytes)
1636804259.081659 sending message 105 to peer 0x55d4044031f0 (56 bytes)
1636804259.081662 sending message 105 to peer 0x55d4044031f0 (35 bytes)
1636804259.081666 sending message 105 to peer 0x55d4044031f0 (12 bytes)
1636804259.081669 sending message 105 to peer 0x55d4044031f0 (54 bytes)
1636804259.081673 sending message 105 to peer 0x55d4044031f0 (23 bytes)
1636804259.081676 sending message 105 to peer 0x55d4044031f0 (45 bytes)
1636804259.081680 sending message 105 to peer 0x55d4044031f0 (15 bytes)
1636804259.081683 sending message 105 to peer 0x55d4044031f0 (8 bytes)
1636804259.081686 sending message 105 to peer 0x55d4044031f0 (33 bytes)
1636804259.081690 sending message 105 to peer 0x55d4044031f0 (49 bytes)
1636804259.081693 sending message 105 to peer 0x55d4044031f0 (21 bytes)
1636804259.081696 sending message 105 to peer 0x55d4044031f0 (20 bytes)
1636804259.081700 sending message 105 to peer 0x55d4044031f0 (28 bytes)
1636804259.081703 sending message 105 to peer 0x55d4044031f0 (23 bytes)
1636804259.081706 sending message 105 to peer 0x55d4044031f0 (63 bytes)
1636804259.081710 sending message 105 to peer 0x55d4044031f0 (40 bytes)
1636804259.081713 sending message 105 to peer 0x55d4044031f0 (15 bytes)
1636804259.081716 sending message 105 to peer 0x55d4044031f0 (56 bytes)
1636804259.081719 sending message 105 to peer 0x55d4044031f0 (8 bytes)
1636804259.081723 sending message 105 to peer 0x55d4044031f0 (22 bytes)
1636804259.081726 sending message 105 to peer 0x55d4044031f0 (47 bytes)
1636804259.081730 sending message 105 to peer 0x55d4044031f0 (88 bytes)
1636804259.081733 sending message 105 to peer 0x55d4044031f0 (31 bytes)
1636804259.081737 sending message 105 to peer 0x55d4044031f0 (23 bytes)
1636804259.081740 sending message 105 to peer 0x55d4044031f0 (19 bytes)
1636804259.081743 sending message 105 to peer 0x55d4044031f0 (21 bytes)
1636804259.081746 sending message 105 to peer 0x55d4044031f0 (30 bytes)
1636804259.081750 sending message 105 to peer 0x55d4044031f0 (39 bytes)
1636804259.081753 sending message 105 to peer 0x55d4044031f0 (43 bytes)
1636804259.081757 sending message 105 to peer 0x55d4044031f0 (46 bytes)
1636804259.081760 sending message 105 to peer 0x55d4044031f0 (27 bytes)
1636804259.081763 sending message 105 to peer 0x55d4044031f0 (44 bytes)
1636804259.081767 sending message 105 to peer 0x55d4044031f0 (29 bytes)
1636804259.081770 sending message 105 to peer 0x55d4044031f0 (29 bytes)
1636804259.081773 sending message 105 to peer 0x55d4044031f0 (21 bytes)
1636804259.081777 sending message 105 to peer 0x55d4044031f0 (34 bytes)
1636804259.081780 sending message 105 to peer 0x55d4044031f0 (45 bytes)
1636804259.081784 sending message 105 to peer 0x55d4044031f0 (21 bytes)
1636804259.081787 sending message 105 to peer 0x55d4044031f0 (16 bytes)
1636804259.081790 sending message 105 to peer 0x55d4044031f0 (11 bytes)
1636804259.081794 sending message 105 to peer 0x55d4044031f0 (7 bytes)
1636804259.081797 sending message 105 to peer 0x55d4044031f0 (62 bytes)
1636804259.081801 sending message 105 to peer 0x55d4044031f0 (25 bytes)
1636804259.081804 sending message 105 to peer 0x55d4044031f0 (38 bytes)
1636804259.081808 sending message 105 to peer 0x55d4044031f0 (35 bytes)
1636804259.081811 sending message 105 to peer 0x55d4044031f0 (42 bytes)
1636804259.081815 sending message 105 to peer 0x55d4044031f0 (21 bytes)
1636804259.081818 sending message 105 to peer 0x55d4044031f0 (17 bytes)
1636804259.081821 sending message 105 to peer 0x55d4044031f0 (26 bytes)
1636804259.081824 sending message 105 to peer 0x55d4044031f0 (26 bytes)
1636804259.081828 sending message 105 to peer 0x55d4044031f0 (30 bytes)
1636804259.081832 sending message 105 to peer 0x55d4044031f0 (21 bytes)
1636804259.081835 sending message 105 to peer 0x55d4044031f0 (21 bytes)
1636804259.081842 sending message 105 to peer 0x55d4044031f0 (17 bytes)
1636804259.081845 sending message 105 to peer 0x55d4044031f0 (17 bytes)
1636804259.081848 sending message 105 to peer 0x55d4044031f0 (17 bytes)
1636804259.081851 sending message 105 to peer 0x55d4044031f0 (17 bytes)
1636804259.081855 sending message 105 to peer 0x55d4044031f0 (15 bytes)
1636804259.081858 sending message 105 to peer 0x55d4044031f0 (34 bytes)
1636804259.081861 sending message 106 to peer 0x55d4044031f0 (0 bytes)
1636804259.081865 sending message 200 to peer 0x55d4044031f0 (4 bytes)
1636804259.081868 client loop enter
1636804259.123955 peer 0x55d4044031f0 message 207
1636804259.123964 sending message 208 to peer 0x55d4044031f0 (0 bytes)
1636804263.292696 peer 0x55d4044031f0 message 203
1636804263.292714 sending message 205 to peer 0x55d4044031f0 (0 bytes)
1636804263.293040 peer 0x55d4044031f0 message 204
1636804263.293045 client loop exit
